TN:
SF:src/core.js
FN:7,(anonymous_0)
FNF:1
FNH:1
FNDA:1,(anonymous_0)
DA:8,1
DA:9,0
DA:10,1
DA:11,0
DA:12,1
DA:13,1
DA:14,0
DA:15,0
DA:17,0
DA:19,1
DA:23,1
DA:24,1
DA:25,1
LF:13
LH:8
BRDA:8,0,0,0
BRDA:8,0,1,1
BRDA:8,1,0,1
BRDA:8,1,1,1
BRDA:10,2,0,0
BRDA:10,2,1,1
BRDA:12,3,0,1
BRDA:12,3,1,0
BRDA:14,4,0,0
BRDA:14,4,1,0
BRF:10
BRH:5
end_of_record
TN:
SF:src/index.js
FN:3,$
FNF:1
FNH:1
FNDA:1,$
DA:4,1
DA:5,0
DA:6,1
DA:7,0
DA:9,1
LF:5
LH:3
BRDA:4,0,0,0
BRDA:4,0,1,1
BRDA:6,1,0,0
BRDA:6,1,1,1
BRF:4
BRH:2
end_of_record
TN:
SF:src/api/hide.js
FN:2,hide
FNF:1
FNH:1
FNDA:1,hide
DA:3,1
DA:4,1
DA:7,1
LF:3
LH:3
BRF:0
BRH:0
end_of_record
TN:
SF:src/api/ready.js
FN:3,ready
FNF:1
FNH:0
FNDA:0,ready
DA:4,0
DA:5,0
DA:7,0
LF:3
LH:0
BRDA:4,0,0,0
BRDA:4,0,1,0
BRF:2
BRH:0
end_of_record
TN:
SF:src/api/show.js
FN:3,show
FNF:1
FNH:0
FNDA:0,show
DA:4,0
DA:5,0
DA:8,0
LF:3
LH:0
BRF:0
BRH:0
end_of_record
TN:
SF:src/utils/symbol.js
FNF:0
FNH:0
DA:1,1
LF:1
LH:1
BRF:0
BRH:0
end_of_record
